<?xml version="1.0" encoding="UTF-8"?>
<!-- Generated by org.testng.reporters.JUnitReportReporter -->
<testsuite hostname="LAPTOP-RB73I23S" failures="0" tests="1" name="Runnerfile.Runner" time="14.168" errors="0" timestamp="13 Nov 2022 09:14:58 GMT" skipped="0">
  <testcase classname="Runnerfile.Runner" name="feature" time="14.168"/>
</testsuite> <!-- Runnerfile.Runner -->
